#
# There is insufficient memory for the Java Runtime Environment to continue.
# Native memory allocation (malloc) failed to allocate 1048576 bytes for AllocateHeap
# Possible reasons:
#   The system is out of physical RAM or swap space
#   In 32 bit mode, the process size limit was hit
# Possible solutions:
#   Reduce memory load on the system
#   Increase physical memory or swap space
#   Check if swap backing store is full
#   Use 64 bit Java on a 64 bit OS
#   Decrease Java heap size (-Xmx/-Xms)
#   Decrease number of Java threads
#   Decrease Java thread stack sizes (-Xss)
#   Set larger code cache with -XX:ReservedCodeCacheSize=
# This output file may be truncated or incomplete.
#
#  Out of Memory Error (memory/allocation.inline.hpp:61), pid=2076, tid=9600
#
# JRE version:  (8.0_74-b02) (build )
# Java VM: Java HotSpot(TM) 64-Bit Server VM (25.74-b02 mixed mode windows-amd64 compressed oops)
# Failed to write core dump. Minidumps are not enabled by default on client versions of Windows
#

---------------  T H R E A D  ---------------

Current thread (0x000000000233d800):  JavaThread "Unknown thread" [_thread_in_vm, id=9600, stack(0x0000000002220000,0x0000000002320000)]

Stack: [0x0000000002220000,0x0000000002320000]
[error occurred during error reporting (printing stack bounds), id 0xc0000005]

Native frames: (J=compiled Java code, j=interpreted, Vv=VM code, C=native code)


---------------  P R O C E S S  ---------------

Java Threads: ( => current thread )

Other Threads:

=>0x000000000233d800 (exited) JavaThread "Unknown thread" [_thread_in_vm, id=9600, stack(0x0000000002220000,0x0000000002320000)]

VM state:not at safepoint (normal execution)

VM Mutex/Monitor currently owned by a thread: None

Heap:
 PSYoungGen      total 38400K, used 665K [0x00000000eab00000, 0x00000000ed580000, 0x0000000100000000)
  eden space 33280K, 2% used [0x00000000eab00000,0x00000000eaba6670,0x00000000ecb80000)
  from space 5120K, 0% used [0x00000000ed080000,0x00000000ed080000,0x00000000ed580000)
  to   space 5120K, 0% used [0x00000000ecb80000,0x00000000ecb80000,0x00000000ed080000)
 ParOldGen       total 87552K, used 0K [0x00000000c0000000, 0x00000000c5580000, 0x00000000eab00000)
  object space 87552K, 0% used [0x00000000c0000000,0x00000000c0000000,0x00000000c5580000)
 Metaspace       used 769K, capacity 4480K, committed 4480K, reserved 1056768K
  class space    used 75K, capacity 384K, committed 384K, reserved 1048576K

Card table byte_map: [0x0000000011800000,0x0000000011a10000] byte_map_base: 0x0000000011200000

Marking Bits: (ParMarkBitMap*) 0x0000000051110600
 Begin Bits: [0x0000000012370000, 0x0000000013370000)
 End Bits:   [0x0000000013370000, 0x0000000014370000)

Polling page: 0x0000000000470000

CodeCache: size=245760Kb used=327Kb max_used=327Kb free=245432Kb
 bounds [0x0000000002440000, 0x00000000026b0000, 0x0000000011440000]
 total_blobs=57 nmethods=0 adapters=38
 compilation: enabled

Compilation events (0 events):
No events

GC Heap History (0 events):
No events

Deoptimization events (0 events):
No events

Internal exceptions (0 events):
No events

Events (10 events):
Event: 0.031 loading class java/lang/Short
Event: 0.031 loading class java/lang/Short done
Event: 0.031 loading class java/lang/Integer
Event: 0.031 loading class java/lang/Integer done
Event: 0.031 loading class java/lang/Long
Event: 0.032 loading class java/lang/Long done
Event: 0.032 loading class java/lang/NullPointerException
Event: 0.032 loading class java/lang/NullPointerException done
Event: 0.032 loading class java/lang/ArithmeticException
Event: 0.032 loading class java/lang/ArithmeticException done


Dynamic libraries:
0x00007ff67ffb0000 - 0x00007ff67ffe7000 	C:\Program Files\Java\jdk1.8.0_74\bin\java.exe
0x00007ffa7bc40000 - 0x00007ffa7be01000 	C:\WINDOWS\SYSTEM32\ntdll.dll
0x00007ffa7a4b0000 - 0x00007ffa7a55d000 	C:\WINDOWS\system32\KERNEL32.DLL
0x00007ffa78ac0000 - 0x00007ffa78ca8000 	C:\WINDOWS\system32\KERNELBASE.dll
0x00007ffa79af0000 - 0x00007ffa79b97000 	C:\WINDOWS\system32\ADVAPI32.dll
0x00007ffa79ba0000 - 0x00007ffa79c3d000 	C:\WINDOWS\system32\msvcrt.dll
0x00007ffa7a430000 - 0x00007ffa7a48b000 	C:\WINDOWS\system32\sechost.dll
0x00007ffa7a090000 - 0x00007ffa7a1ac000 	C:\WINDOWS\system32\RPCRT4.dll
0x00007ffa79850000 - 0x00007ffa799a6000 	C:\WINDOWS\system32\USER32.dll
0x00007ffa79ea0000 - 0x00007ffa7a026000 	C:\WINDOWS\system32\GDI32.dll
0x00007ffa68ac0000 - 0x00007ffa68d34000 	C:\WINDOWS\WinSxS\amd64_microsoft.windows.common-controls_6595b64144ccf1df_6.0.10586.0_none_8c15ae12515e1c22\COMCTL32.dll
0x00007ffa7a1b0000 - 0x00007ffa7a42d000 	C:\WINDOWS\system32\combase.dll
0x00007ffa78380000 - 0x00007ffa783ea000 	C:\WINDOWS\system32\bcryptPrimitives.dll
0x00007ffa79c40000 - 0x00007ffa79c7b000 	C:\WINDOWS\system32\IMM32.DLL
0x0000000050490000 - 0x0000000050562000 	C:\Program Files\Java\jdk1.8.0_74\jre\bin\msvcr100.dll
0x0000000050900000 - 0x0000000051190000 	C:\Program Files\Java\jdk1.8.0_74\jre\bin\server\jvm.dll
0x00007ffa79050000 - 0x00007ffa79058000 	C:\WINDOWS\system32\PSAPI.DLL
0x00007ffa6cb10000 - 0x00007ffa6cb19000 	C:\WINDOWS\SYSTEM32\WSOCK32.dll
0x00007ffa76990000 - 0x00007ffa769b3000 	C:\WINDOWS\SYSTEM32\WINMM.dll
0x00007ffa72900000 - 0x00007ffa7290a000 	C:\WINDOWS\SYSTEM32\VERSION.dll
0x00007ffa79c80000 - 0x00007ffa79ceb000 	C:\WINDOWS\system32\WS2_32.dll
0x00007ffa76900000 - 0x00007ffa7692c000 	C:\WINDOWS\SYSTEM32\WINMMBASE.dll
0x00007ffa78cb0000 - 0x00007ffa78cf3000 	C:\WINDOWS\system32\cfgmgr32.dll
0x0000000053480000 - 0x000000005348f000 	C:\Program Files\Java\jdk1.8.0_74\jre\bin\verify.dll
0x00000000508d0000 - 0x00000000508f9000 	C:\Program Files\Java\jdk1.8.0_74\jre\bin\java.dll
0x00000000508b0000 - 0x00000000508c6000 	C:\Program Files\Java\jdk1.8.0_74\jre\bin\zip.dll

VM Arguments:
jvm_args: -Djava.awt.headless=true -Xmx1024M -Dfile.encoding=windows-1252 -Duser.country=AU -Duser.language=en -Duser.variant 
java_command: com.android.dx.command.Main --dex --force-jumbo --num-threads=4 --multi-dex --output C:\Users\Harold\Desktop\HotOrder\app\build\intermediates\transforms\dex\debug\folders\1000\10\internal_impl-23.2.1_177c266e50f71f2db64d68312700acb95e672e3f C:\Users\Harold\Desktop\HotOrder\app\build\intermediates\exploded-aar\com.android.support\support-v4\23.2.1\jars\libs\internal_impl-23.2.1.jar
java_class_path (initial): C:\Users\Harold\AppData\Local\Android\sdk\build-tools\23.0.2\lib\dx.jar
Launcher Type: SUN_STANDARD

Environment Variables:
PATH=C:\ProgramData\Oracle\Java\javapath;C:\WINDOWS\system32;C:\WINDOWS;C:\WINDOWS\System32\Wbem;C:\WINDOWS\System32\WindowsPowerShell\v1.0\;C:\Program Files (x86)\ATI Technologies\ATI.ACE\Core-Static;C:\Program Files (x86)\AMD\ATI.ACE\Core-Static;C:\Program Files\Microsoft SQL Server\110\Tools\Binn\;C:\Program Files (x86)\Microsoft SQL Server\110\Tools\Binn\ManagementStudio\;C:\Program Files (x86)\Microsoft SQL Server\110\Tools\Binn\;C:\Program Files (x86)\Microsoft SQL Server\110\DTS\Binn\;C:\Program Files\Microsoft SQL Server\110\DTS\Binn\;C:\Program Files (x86)\Microsoft SDKs\TypeScript\1.0\;C:\Program Files\Microsoft SQL Server\120\Tools\Binn\;C:\Program Files (x86)\Skype\Phone\;C:\WINDOWS\system32\config\systemprofile\.dnx\bin;C:\Program Files\Microsoft DNX\Dnvm\;C:\Program Files (x86)\Windows Kits\10\Windows Performance Toolkit\;C:\Program Files\Git\cmd;C:\Program Files\Java\jdk1.8.0_74\bin
USERNAME=Harold
OS=Windows_NT
PROCESSOR_IDENTIFIER=AMD64 Family 21 Model 2 Stepping 0, AuthenticAMD



---------------  S Y S T E M  ---------------

OS: Windows 10.0 , 64 bit Build 10586 (10.0.10586.0)

CPU:total 8 (8 cores per cpu, 1 threads per core) family 21 model 2 stepping 0, cmov, cx8, fxsr, mmx, sse, sse2, sse3, ssse3, sse4.1, sse4.2, popcnt, avx, aes, clmul, mmxext, 3dnowpref, lzcnt, sse4a, tsc, tscinvbit, tscinv, bmi1

Memory: 4k page, physical 8285704k(2337488k free), swap 9334280k(6084k free)

vm_info: Java HotSpot(TM) 64-Bit Server VM (25.74-b02) for windows-amd64 JRE (1.8.0_74-b02), built on Jan 29 2016 17:42:36 by "java_re" with MS VC++ 10.0 (VS2010)

time: Sun Apr 17 14:48:25 2016
elapsed time: 0 seconds (0d 0h 0m 0s)

