#
# There is insufficient memory for the Java Runtime Environment to continue.
# Native memory allocation (malloc) failed to allocate 1911536 bytes for Chunk::new
# Possible reasons:
#   The system is out of physical RAM or swap space
#   In 32 bit mode, the process size limit was hit
# Possible solutions:
#   Reduce memory load on the system
#   Increase physical memory or swap space
#   Check if swap backing store is full
#   Use 64 bit Java on a 64 bit OS
#   Decrease Java heap size (-Xmx/-Xms)
#   Decrease number of Java threads
#   Decrease Java thread stack sizes (-Xss)
#   Set larger code cache with -XX:ReservedCodeCacheSize=
# This output file may be truncated or incomplete.
#
#  Out of Memory Error (allocation.cpp:390), pid=10028, tid=9272
#
# JRE version: Java(TM) SE Runtime Environment (8.0_74-b02) (build 1.8.0_74-b02)
# Java VM: Java HotSpot(TM) 64-Bit Server VM (25.74-b02 mixed mode windows-amd64 compressed oops)
# Failed to write core dump. Minidumps are not enabled by default on client versions of Windows
#

---------------  T H R E A D  ---------------

Current thread (0x0000000016b0b800):  JavaThread "C2 CompilerThread1" daemon [_thread_in_native, id=9272, stack(0x00000000173c0000,0x00000000174c0000)]

Stack: [0x00000000173c0000,0x00000000174c0000]
[error occurred during error reporting (printing stack bounds), id 0xc0000005]

Native frames: (J=compiled Java code, j=interpreted, Vv=VM code, C=native code)


Current CompileTask:
C2:   4087 2093   !   4       com.android.dx.cf.code.BytecodeArray::parseInstruction (2764 bytes)


---------------  P R O C E S S  ---------------

Java Threads: ( => current thread )
  0x0000000017932000 JavaThread "pool-2-thread-4" [_thread_in_vm, id=9652, stack(0x00000000184c0000,0x00000000185c0000)]
  0x0000000016e74000 JavaThread "pool-2-thread-3" [_thread_in_Java, id=9668, stack(0x00000000183c0000,0x00000000184c0000)]
  0x0000000016e73000 JavaThread "pool-2-thread-2" [_thread_in_Java, id=9720, stack(0x00000000182c0000,0x00000000183c0000)]
  0x0000000016dd5000 JavaThread "pool-3-thread-1" [_thread_blocked, id=9356, stack(0x00000000181c0000,0x00000000182c0000)]
  0x00000000178d7000 JavaThread "pool-2-thread-1" [_thread_blocked, id=9328, stack(0x00000000180c0000,0x00000000181c0000)]
  0x0000000016b9b800 JavaThread "Service Thread" daemon [_thread_blocked, id=10040, stack(0x00000000176c0000,0x00000000177c0000)]
  0x0000000016b1e000 JavaThread "C1 CompilerThread3" daemon [_thread_blocked, id=9244, stack(0x00000000175c0000,0x00000000176c0000)]
  0x0000000016b10800 JavaThread "C2 CompilerThread2" daemon [_thread_in_native, id=6672, stack(0x00000000174c0000,0x00000000175c0000)]
=>0x0000000016b0b800 JavaThread "C2 CompilerThread1" daemon [_thread_in_native, id=9272, stack(0x00000000173c0000,0x00000000174c0000)]
  0x0000000016b08800 JavaThread "C2 CompilerThread0" daemon [_thread_in_native, id=9268, stack(0x00000000172c0000,0x00000000173c0000)]
  0x0000000016b06800 JavaThread "Attach Listener" daemon [_thread_blocked, id=4072, stack(0x00000000171c0000,0x00000000172c0000)]
  0x00000000020ee800 JavaThread "Signal Dispatcher" daemon [_thread_blocked, id=5756, stack(0x00000000170c0000,0x00000000171c0000)]
  0x0000000016b00800 JavaThread "Finalizer" daemon [_thread_blocked, id=10036, stack(0x0000000016ee0000,0x0000000016fe0000)]
  0x00000000020e4000 JavaThread "Reference Handler" daemon [_thread_blocked, id=9972, stack(0x00000000169e0000,0x0000000016ae0000)]
  0x0000000001fed800 JavaThread "main" [_thread_in_native, id=10176, stack(0x0000000001e30000,0x0000000001f30000)]

Other Threads:
  0x0000000014c09800 VMThread [stack: 0x00000000168e0000,0x00000000169e0000] [id=7724]
  0x0000000016b9f000 WatcherThread [stack: 0x00000000177c0000,0x00000000178c0000] [id=10056]

VM state:not at safepoint (normal execution)

VM Mutex/Monitor currently owned by a thread: None

Heap:
 PSYoungGen      total 138240K, used 117236K [0x00000000eab00000, 0x00000000f3700000, 0x0000000100000000)
  eden space 133120K, 84% used [0x00000000eab00000,0x00000000f1882480,0x00000000f2d00000)
  from space 5120K, 99% used [0x00000000f3200000,0x00000000f36fac10,0x00000000f3700000)
  to   space 5120K, 0% used [0x00000000f2d00000,0x00000000f2d00000,0x00000000f3200000)
 ParOldGen       total 87552K, used 24477K [0x00000000c0000000, 0x00000000c5580000, 0x00000000eab00000)
  object space 87552K, 27% used [0x00000000c0000000,0x00000000c17e74a0,0x00000000c5580000)
 Metaspace       used 6509K, capacity 7256K, committed 7424K, reserved 1056768K
  class space    used 624K, capacity 656K, committed 768K, reserved 1048576K

Card table byte_map: [0x00000000114b0000,0x00000000116c0000] byte_map_base: 0x0000000010eb0000

Marking Bits: (ParMarkBitMap*) 0x0000000051110600
 Begin Bits: [0x0000000012020000, 0x0000000013020000)
 End Bits:   [0x0000000013020000, 0x0000000014020000)

Polling page: 0x00000000004c0000

CodeCache: size=245760Kb used=8593Kb max_used=8593Kb free=237166Kb
 bounds [0x00000000020f0000, 0x0000000002960000, 0x00000000110f0000]
 total_blobs=2313 nmethods=2044 adapters=182
 compilation: enabled

Compilation events (10 events):
Event: 4.036 Thread 0x0000000016b1e000 2102       2       java.util.concurrent.ArrayBlockingQueue::dequeue (75 bytes)
Event: 4.036 Thread 0x0000000016b1e000 nmethod 2102 0x000000000293fa10 code [0x000000000293fba0, 0x000000000293fed8]
Event: 4.040 Thread 0x0000000016b1e000 2103       2       com.android.dx.cf.code.Simulator::requiredArrayTypeFor (61 bytes)
Event: 4.041 Thread 0x0000000016b1e000 nmethod 2103 0x000000000293f2d0 code [0x000000000293f480, 0x000000000293f778]
Event: 4.051 Thread 0x0000000016b1e000 2105       2       com.android.dx.ssa.back.RegisterAllocator::insertMoveBefore (240 bytes)
Event: 4.053 Thread 0x0000000016b1e000 nmethod 2105 0x000000000293c8d0 code [0x000000000293cbe0, 0x000000000293db88]
Event: 4.070 Thread 0x0000000016b1e000 2106       2       com.android.dx.ssa.back.FirstFitLocalCombiningAllocator::findRangeAndAdjust (311 bytes)
Event: 4.072 Thread 0x0000000016b1e000 nmethod 2106 0x0000000002958650 code [0x00000000029588c0, 0x0000000002959378]
Event: 4.072 Thread 0x0000000016b1e000 2107       2       com.android.dx.ssa.NormalSsaInsn::changeOneSource (120 bytes)
Event: 4.073 Thread 0x0000000016b1e000 nmethod 2107 0x000000000293b4d0 code [0x000000000293b6e0, 0x000000000293be38]

GC Heap History (8 events):
Event: 1.298 GC heap before
{Heap before GC invocations=1 (full 0):
 PSYoungGen      total 38400K, used 33280K [0x00000000eab00000, 0x00000000ed580000, 0x0000000100000000)
  eden space 33280K, 100% used [0x00000000eab00000,0x00000000ecb80000,0x00000000ecb80000)
  from space 5120K, 0% used [0x00000000ed080000,0x00000000ed080000,0x00000000ed580000)
  to   space 5120K, 0% used [0x00000000ecb80000,0x00000000ecb80000,0x00000000ed080000)
 ParOldGen       total 87552K, used 0K [0x00000000c0000000, 0x00000000c5580000, 0x00000000eab00000)
  object space 87552K, 0% used [0x00000000c0000000,0x00000000c0000000,0x00000000c5580000)
 Metaspace       used 5897K, capacity 6832K, committed 7040K, reserved 1056768K
  class space    used 600K, capacity 616K, committed 640K, reserved 1048576K
Event: 1.337 GC heap after
Heap after GC invocations=1 (full 0):
 PSYoungGen      total 38400K, used 5090K [0x00000000eab00000, 0x00000000ef600000, 0x0000000100000000)
  eden space 33280K, 0% used [0x00000000eab00000,0x00000000eab00000,0x00000000ecb80000)
  from space 5120K, 99% used [0x00000000ecb80000,0x00000000ed078920,0x00000000ed080000)
  to   space 5120K, 0% used [0x00000000ef100000,0x00000000ef100000,0x00000000ef600000)
 ParOldGen       total 87552K, used 488K [0x00000000c0000000, 0x00000000c5580000, 0x00000000eab00000)
  object space 87552K, 0% used [0x00000000c0000000,0x00000000c007a1a8,0x00000000c5580000)
 Metaspace       used 5897K, capacity 6832K, committed 7040K, reserved 1056768K
  class space    used 600K, capacity 616K, committed 640K, reserved 1048576K
}
Event: 1.734 GC heap before
{Heap before GC invocations=2 (full 0):
 PSYoungGen      total 38400K, used 38370K [0x00000000eab00000, 0x00000000ef600000, 0x0000000100000000)
  eden space 33280K, 100% used [0x00000000eab00000,0x00000000ecb80000,0x00000000ecb80000)
  from space 5120K, 99% used [0x00000000ecb80000,0x00000000ed078920,0x00000000ed080000)
  to   space 5120K, 0% used [0x00000000ef100000,0x00000000ef100000,0x00000000ef600000)
 ParOldGen       total 87552K, used 488K [0x00000000c0000000, 0x00000000c5580000, 0x00000000eab00000)
  object space 87552K, 0% used [0x00000000c0000000,0x00000000c007a1a8,0x00000000c5580000)
 Metaspace       used 6145K, capacity 7026K, committed 7296K, reserved 1056768K
  class space    used 602K, capacity 618K, committed 640K, reserved 1048576K
Event: 1.766 GC heap after
Heap after GC invocations=2 (full 0):
 PSYoungGen      total 71680K, used 5091K [0x00000000eab00000, 0x00000000ef600000, 0x0000000100000000)
  eden space 66560K, 0% used [0x00000000eab00000,0x00000000eab00000,0x00000000eec00000)
  from space 5120K, 99% used [0x00000000ef100000,0x00000000ef5f8f10,0x00000000ef600000)
  to   space 5120K, 0% used [0x00000000eec00000,0x00000000eec00000,0x00000000ef100000)
 ParOldGen       total 87552K, used 4147K [0x00000000c0000000, 0x00000000c5580000, 0x00000000eab00000)
  object space 87552K, 4% used [0x00000000c0000000,0x00000000c040cdb8,0x00000000c5580000)
 Metaspace       used 6145K, capacity 7026K, committed 7296K, reserved 1056768K
  class space    used 602K, capacity 618K, committed 640K, reserved 1048576K
}
Event: 3.018 GC heap before
{Heap before GC invocations=3 (full 0):
 PSYoungGen      total 71680K, used 71651K [0x00000000eab00000, 0x00000000ef600000, 0x0000000100000000)
  eden space 66560K, 100% used [0x00000000eab00000,0x00000000eec00000,0x00000000eec00000)
  from space 5120K, 99% used [0x00000000ef100000,0x00000000ef5f8f10,0x00000000ef600000)
  to   space 5120K, 0% used [0x00000000eec00000,0x00000000eec00000,0x00000000ef100000)
 ParOldGen       total 87552K, used 4147K [0x00000000c0000000, 0x00000000c5580000, 0x00000000eab00000)
  object space 87552K, 4% used [0x00000000c0000000,0x00000000c040cdb8,0x00000000c5580000)
 Metaspace       used 6273K, capacity 7090K, committed 7296K, reserved 1056768K
  class space    used 604K, capacity 618K, committed 640K, reserved 1048576K
Event: 3.053 GC heap after
Heap after GC invocations=3 (full 0):
 PSYoungGen      total 71680K, used 5104K [0x00000000eab00000, 0x00000000f3700000, 0x0000000100000000)
  eden space 66560K, 0% used [0x00000000eab00000,0x00000000eab00000,0x00000000eec00000)
  from space 5120K, 99% used [0x00000000eec00000,0x00000000ef0fc0d0,0x00000000ef100000)
  to   space 5120K, 0% used [0x00000000f3200000,0x00000000f3200000,0x00000000f3700000)
 ParOldGen       total 87552K, used 13572K [0x00000000c0000000, 0x00000000c5580000, 0x00000000eab00000)
  object space 87552K, 15% used [0x00000000c0000000,0x00000000c0d41148,0x00000000c5580000)
 Metaspace       used 6273K, capacity 7090K, committed 7296K, reserved 1056768K
  class space    used 604K, capacity 618K, committed 640K, reserved 1048576K
}
Event: 3.675 GC heap before
{Heap before GC invocations=4 (full 0):
 PSYoungGen      total 71680K, used 71664K [0x00000000eab00000, 0x00000000f3700000, 0x0000000100000000)
  eden space 66560K, 100% used [0x00000000eab00000,0x00000000eec00000,0x00000000eec00000)
  from space 5120K, 99% used [0x00000000eec00000,0x00000000ef0fc0d0,0x00000000ef100000)
  to   space 5120K, 0% used [0x00000000f3200000,0x00000000f3200000,0x00000000f3700000)
 ParOldGen       total 87552K, used 13572K [0x00000000c0000000, 0x00000000c5580000, 0x00000000eab00000)
  object space 87552K, 15% used [0x00000000c0000000,0x00000000c0d41148,0x00000000c5580000)
 Metaspace       used 6376K, capacity 7154K, committed 7296K, reserved 1056768K
  class space    used 604K, capacity 618K, committed 640K, reserved 1048576K
Event: 3.723 GC heap after
Heap after GC invocations=4 (full 0):
 PSYoungGen      total 138240K, used 5099K [0x00000000eab00000, 0x00000000f3700000, 0x0000000100000000)
  eden space 133120K, 0% used [0x00000000eab00000,0x00000000eab00000,0x00000000f2d00000)
  from space 5120K, 99% used [0x00000000f3200000,0x00000000f36fac10,0x00000000f3700000)
  to   space 5120K, 0% used [0x00000000f2d00000,0x00000000f2d00000,0x00000000f3200000)
 ParOldGen       total 87552K, used 24477K [0x00000000c0000000, 0x00000000c5580000, 0x00000000eab00000)
  object space 87552K, 27% used [0x00000000c0000000,0x00000000c17e74a0,0x00000000c5580000)
 Metaspace       used 6376K, capacity 7154K, committed 7296K, reserved 1056768K
  class space    used 604K, capacity 618K, committed 640K, reserved 1048576K
}

Deoptimization events (10 events):
Event: 3.194 Thread 0x00000000178d7000 Uncommon trap: reason=bimorphic action=maybe_recompile pc=0x00000000027ba848 method=com.android.dx.cf.code.BytecodeArray.parseInstruction(ILcom/android/dx/cf/code/BytecodeArray$Visitor;)I @ 1130
Event: 3.321 Thread 0x0000000001fed800 Uncommon trap: reason=unloaded action=reinterpret pc=0x000000000270fee8 method=com.android.dx.cf.cst.ConstantPoolParser.parse0(ILjava/util/BitSet;)Lcom/android/dx/rop/cst/Constant; @ 220
Event: 3.371 Thread 0x0000000017932000 Uncommon trap: reason=class_check action=maybe_recompile pc=0x00000000024bfb98 method=java.util.HashMap.putVal(ILjava/lang/Object;Ljava/lang/Object;ZZ)Ljava/lang/Object; @ 203
Event: 3.820 Thread 0x0000000001fed800 Uncommon trap: reason=unstable_if action=reinterpret pc=0x000000000272bc28 method=com.android.dx.rop.code.LocalItem.compareHandlesNulls(Lcom/android/dx/rop/cst/CstString;Lcom/android/dx/rop/cst/CstString;)I @ 14
Event: 3.969 Thread 0x0000000001fed800 Uncommon trap: reason=unstable_if action=reinterpret pc=0x0000000002550cf0 method=java.util.HashMap.putVal(ILjava/lang/Object;Ljava/lang/Object;ZZ)Ljava/lang/Object; @ 162
Event: 3.974 Thread 0x0000000001fed800 Uncommon trap: reason=unstable_if action=reinterpret pc=0x00000000027d7b00 method=java.util.HashMap.getNode(ILjava/lang/Object;)Ljava/util/HashMap$Node; @ 84
Event: 3.990 Thread 0x00000000178d7000 Uncommon trap: reason=bimorphic action=maybe_recompile pc=0x00000000028f45f0 method=com.android.dx.cf.code.BytecodeArray.parseInstruction(ILcom/android/dx/cf/code/BytecodeArray$Visitor;)I @ 1161
Event: 3.990 Thread 0x00000000178d7000 Uncommon trap: reason=bimorphic action=maybe_recompile pc=0x00000000028f45f0 method=com.android.dx.cf.code.BytecodeArray.parseInstruction(ILcom/android/dx/cf/code/BytecodeArray$Visitor;)I @ 1161
Event: 4.049 Thread 0x0000000001fed800 Uncommon trap: reason=bimorphic action=maybe_recompile pc=0x0000000002727198 method=com.android.dx.ssa.LiteralOpUpgrader.tryReplacingWithConstant(Lcom/android/dx/ssa/NormalSsaInsn;)Z @ 62
Event: 4.056 Thread 0x0000000001fed800 Uncommon trap: reason=bimorphic action=maybe_recompile pc=0x0000000002727198 method=com.android.dx.ssa.LiteralOpUpgrader.tryReplacingWithConstant(Lcom/android/dx/ssa/NormalSsaInsn;)Z @ 62

Internal exceptions (6 events):
Event: 0.254 Thread 0x0000000001fed800 Exception <a 'java/lang/NoSuchMethodError': Method sun.misc.Unsafe.defineClass(Ljava/lang/String;[BII)Ljava/lang/Class; name or signature does not match> (0x00000000eab07cc0) thrown at [C:\re\workspace\8-2-build-windows-amd64-cygwin\jdk8u74\6087\hotspot\sr¬ÖÛ#º<–?
Event: 0.254 Thread 0x0000000001fed800 Exception <a 'java/lang/NoSuchMethodError': Method sun.misc.Unsafe.prefetchRead(Ljava/lang/Object;J)V name or signature does not match> (0x00000000eab07fa8) thrown at [C:\re\workspace\8-2-build-windows-amd64-cygwin\jdk8u74\6087\hotspot\src\share\vm\prims\j≠fâ¯Cè@
Event: 3.820 Thread 0x0000000001fed800 Implicit null exception at 0x000000000272a7a6 to 0x000000000272bc0d
Event: 3.972 Thread 0x0000000001fed800 Exception <a 'java/lang/ArrayIndexOutOfBoundsException': 18> (0x00000000ef537d68) thrown at [C:\re\workspace\8-2-build-windows-amd64-cygwin\jdk8u74\6087\hotspot\src\share\vm\interpreter\interpreterRuntime.cpp, line 366]
Event: 3.972 Thread 0x0000000001fed800 Exception <a 'java/lang/ArrayIndexOutOfBoundsException': 145> (0x00000000ef5398e8) thrown at [C:\re\workspace\8-2-build-windows-amd64-cygwin\jdk8u74\6087\hotspot\src\share\vm\interpreter\interpreterRuntime.cpp, line 366]
Event: 3.973 Thread 0x0000000001fed800 Exception <a 'java/lang/ArrayIndexOutOfBoundsException'> (0x00000000ef53abd0) thrown at [C:\re\workspace\8-2-build-windows-amd64-cygwin\jdk8u74\6087\hotspot\src\share\vm\runtime\sharedRuntime.cpp, line 605]

Events (10 events):
Event: 3.990 Thread 0x00000000178d7000 DEOPT UNPACKING pc=0x000000000213582a sp=0x00000000181be6e8 mode 2
Event: 3.990 Thread 0x00000000178d7000 Uncommon trap: trap_request=0xffffffc6 fr.pc=0x00000000028f45f0
Event: 3.990 Thread 0x00000000178d7000 DEOPT PACKING pc=0x00000000028f45f0 sp=0x00000000181be580
Event: 3.990 Thread 0x00000000178d7000 DEOPT UNPACKING pc=0x000000000213582a sp=0x00000000181be548 mode 2
Event: 4.049 Thread 0x0000000001fed800 Uncommon trap: trap_request=0xffffffc6 fr.pc=0x0000000002727198
Event: 4.049 Thread 0x0000000001fed800 DEOPT PACKING pc=0x0000000002727198 sp=0x0000000001f2e430
Event: 4.049 Thread 0x0000000001fed800 DEOPT UNPACKING pc=0x000000000213582a sp=0x0000000001f2e3c0 mode 2
Event: 4.056 Thread 0x0000000001fed800 Uncommon trap: trap_request=0xffffffc6 fr.pc=0x0000000002727198
Event: 4.056 Thread 0x0000000001fed800 DEOPT PACKING pc=0x0000000002727198 sp=0x0000000001f2e380
Event: 4.056 Thread 0x0000000001fed800 DEOPT UNPACKING pc=0x000000000213582a sp=0x0000000001f2e310 mode 2


Dynamic libraries:
0x00007ff67ffb0000 - 0x00007ff67ffe7000 	C:\Program Files\Java\jdk1.8.0_74\bin\java.exe
0x00007ffa7bc40000 - 0x00007ffa7be01000 	C:\WINDOWS\SYSTEM32\ntdll.dll
0x00007ffa7a4b0000 - 0x00007ffa7a55d000 	C:\WINDOWS\system32\KERNEL32.DLL
0x00007ffa78ac0000 - 0x00007ffa78ca8000 	C:\WINDOWS\system32\KERNELBASE.dll
0x00007ffa79af0000 - 0x00007ffa79b97000 	C:\WINDOWS\system32\ADVAPI32.dll
0x00007ffa79ba0000 - 0x00007ffa79c3d000 	C:\WINDOWS\system32\msvcrt.dll
0x00007ffa7a430000 - 0x00007ffa7a48b000 	C:\WINDOWS\system32\sechost.dll
0x00007ffa7a090000 - 0x00007ffa7a1ac000 	C:\WINDOWS\system32\RPCRT4.dll
0x00007ffa79850000 - 0x00007ffa799a6000 	C:\WINDOWS\system32\USER32.dll
0x00007ffa79ea0000 - 0x00007ffa7a026000 	C:\WINDOWS\system32\GDI32.dll
0x00007ffa68ac0000 - 0x00007ffa68d34000 	C:\WINDOWS\WinSxS\amd64_microsoft.windows.common-controls_6595b64144ccf1df_6.0.10586.0_none_8c15ae12515e1c22\COMCTL32.dll
0x00007ffa7a1b0000 - 0x00007ffa7a42d000 	C:\WINDOWS\system32\combase.dll
0x00007ffa78380000 - 0x00007ffa783ea000 	C:\WINDOWS\system32\bcryptPrimitives.dll
0x00007ffa79c40000 - 0x00007ffa79c7b000 	C:\WINDOWS\system32\IMM32.DLL
0x0000000050490000 - 0x0000000050562000 	C:\Program Files\Java\jdk1.8.0_74\jre\bin\msvcr100.dll
0x0000000050900000 - 0x0000000051190000 	C:\Program Files\Java\jdk1.8.0_74\jre\bin\server\jvm.dll
0x00007ffa79050000 - 0x00007ffa79058000 	C:\WINDOWS\system32\PSAPI.DLL
0x00007ffa6cb10000 - 0x00007ffa6cb19000 	C:\WINDOWS\SYSTEM32\WSOCK32.dll
0x00007ffa79c80000 - 0x00007ffa79ceb000 	C:\WINDOWS\system32\WS2_32.dll
0x00007ffa76990000 - 0x00007ffa769b3000 	C:\WINDOWS\SYSTEM32\WINMM.dll
0x00007ffa72900000 - 0x00007ffa7290a000 	C:\WINDOWS\SYSTEM32\VERSION.dll
0x00007ffa76900000 - 0x00007ffa7692c000 	C:\WINDOWS\SYSTEM32\WINMMBASE.dll
0x00007ffa78cb0000 - 0x00007ffa78cf3000 	C:\WINDOWS\system32\cfgmgr32.dll
0x0000000053480000 - 0x000000005348f000 	C:\Program Files\Java\jdk1.8.0_74\jre\bin\verify.dll
0x00000000508d0000 - 0x00000000508f9000 	C:\Program Files\Java\jdk1.8.0_74\jre\bin\java.dll
0x00000000508b0000 - 0x00000000508c6000 	C:\Program Files\Java\jdk1.8.0_74\jre\bin\zip.dll
0x00007ffa7a610000 - 0x00007ffa7bb6c000 	C:\WINDOWS\system32\SHELL32.dll
0x00007ffa78450000 - 0x00007ffa78a95000 	C:\WINDOWS\system32\windows.storage.dll
0x00007ffa7a030000 - 0x00007ffa7a082000 	C:\WINDOWS\system32\shlwapi.dll
0x00007ffa78270000 - 0x00007ffa7827f000 	C:\WINDOWS\system32\kernel.appcore.dll
0x00007ffa78f80000 - 0x00007ffa79035000 	C:\WINDOWS\system32\shcore.dll
0x00007ffa782a0000 - 0x00007ffa782eb000 	C:\WINDOWS\system32\powrprof.dll
0x00007ffa78280000 - 0x00007ffa78294000 	C:\WINDOWS\system32\profapi.dll

VM Arguments:
jvm_args: -Djava.awt.headless=true -Xmx1024M -Dfile.encoding=windows-1252 -Duser.country=AU -Duser.language=en -Duser.variant 
java_command: com.android.dx.command.Main --dex --force-jumbo --num-threads=4 --multi-dex --output C:\Users\Harold\Desktop\HotOrder\app\build\intermediates\transforms\dex\debug\folders\1000\10\com.android.support-support-v4-23.2.1_db430b4784d33c97771ff27e2aa4085013ddeb82 C:\Users\Harold\Desktop\HotOrder\app\build\intermediates\exploded-aar\com.android.support\support-v4\23.2.1\jars\classes.jar
java_class_path (initial): C:\Users\Harold\AppData\Local\Android\sdk\build-tools\23.0.2\lib\dx.jar
Launcher Type: SUN_STANDARD

Environment Variables:
PATH=C:\ProgramData\Oracle\Java\javapath;C:\WINDOWS\system32;C:\WINDOWS;C:\WINDOWS\System32\Wbem;C:\WINDOWS\System32\WindowsPowerShell\v1.0\;C:\Program Files (x86)\ATI Technologies\ATI.ACE\Core-Static;C:\Program Files (x86)\AMD\ATI.ACE\Core-Static;C:\Program Files\Microsoft SQL Server\110\Tools\Binn\;C:\Program Files (x86)\Microsoft SQL Server\110\Tools\Binn\ManagementStudio\;C:\Program Files (x86)\Microsoft SQL Server\110\Tools\Binn\;C:\Program Files (x86)\Microsoft SQL Server\110\DTS\Binn\;C:\Program Files\Microsoft SQL Server\110\DTS\Binn\;C:\Program Files (x86)\Microsoft SDKs\TypeScript\1.0\;C:\Program Files\Microsoft SQL Server\120\Tools\Binn\;C:\Program Files (x86)\Skype\Phone\;C:\WINDOWS\system32\config\systemprofile\.dnx\bin;C:\Program Files\Microsoft DNX\Dnvm\;C:\Program Files (x86)\Windows Kits\10\Windows Performance Toolkit\;C:\Program Files\Git\cmd;C:\Program Files\Java\jdk1.8.0_74\bin
USERNAME=Harold
OS=Windows_NT
PROCESSOR_IDENTIFIER=AMD64 Family 21 Model 2 Stepping 0, AuthenticAMD



---------------  S Y S T E M  ---------------

OS: Windows 10.0 , 64 bit Build 10586 (10.0.10586.0)

CPU:total 8 (8 cores per cpu, 1 threads per core) family 21 model 2 stepping 0, cmov, cx8, fxsr, mmx, sse, sse2, sse3, ssse3, sse4.1, sse4.2, popcnt, avx, aes, clmul, mmxext, 3dnowpref, lzcnt, sse4a, tsc, tscinvbit, tscinv, bmi1

Memory: 4k page, physical 8285704k(1886884k free), swap 9334280k(5456k free)

vm_info: Java HotSpot(TM) 64-Bit Server VM (25.74-b02) for windows-amd64 JRE (1.8.0_74-b02), built on Jan 29 2016 17:42:36 by "java_re" with MS VC++ 10.0 (VS2010)

time: Sun Apr 17 14:15:02 2016
elapsed time: 4 seconds (0d 0h 0m 4s)

